{"ts": "2025-12-10T08:04:04.124133+00:00", "level": "INFO", "message": "Fetched price for BTCUSDT", "extra": {"price": "92693.17000000"}}
{"ts": "2025-12-10T08:04:04.185368+00:00", "level": "DEBUG", "message": "cache hit for price BTCUSDT"}
{"ts": "2025-12-10T08:04:04.404721+00:00", "level": "DEBUG", "message": "cache hit for price BTCUSDT"}
{"ts": "2025-12-10T08:04:22.047775+00:00", "level": "INFO", "message": "Fetched price for BTCUSDT", "extra": {"price": "92687.58000000"}}
{"ts": "2025-12-10T08:04:24.333299+00:00", "level": "DEBUG", "message": "cache hit for price BTCUSDT"}
{"ts": "2025-12-10T08:04:25.405820+00:00", "level": "DEBUG", "message": "cache hit for price BTCUSDT"}
{"ts": "2025-12-10T08:04:58.667415+00:00", "level": "INFO", "message": "Fetched price for ETHUSDT", "extra": {"price": "3327.80000000"}}
{"ts": "2025-12-10T08:06:43.400461+00:00", "level": "INFO", "message": "Fetched price for BTCUSDT", "extra": {"price": "92701.87000000"}}
{"ts": "2025-12-10T08:06:58.608957+00:00", "level": "INFO", "message": "Fetched 24hr ticker for BTCUSDT"}
{"ts": "2025-12-10T08:29:08.233048+00:00", "level": "INFO", "message": "Fetched 24hr ticker for BTCUSDT"}
{"ts": "2025-12-10T08:39:10.150316+00:00", "level": "INFO", "message": "Fetched 24hr ticker for BTCUSDT"}
{"ts": "2025-12-10T08:39:14.796591+00:00", "level": "INFO", "message": "Fetched 24hr ticker for ETHUSDT"}
{"ts": "2025-12-10T08:45:16.332145+00:00", "level": "INFO", "message": "Fetched 24hr ticker for BTCUSDT"}
{"ts": "2025-12-10T08:47:08.151746+00:00", "level": "INFO", "message": "Fetched 24hr ticker for BTCUSDT"}
{"ts": "2025-12-10T08:48:29.991975+00:00", "level": "INFO", "message": "Fetched 24hr ticker for BTCUSDT"}
{"ts": "2025-12-14T13:28:10.471323+00:00", "level": "INFO", "message": "Fetched price for BTCUSDT", "extra": {"price": "89209.74000000"}}
{"ts": "2025-12-14T13:28:31.514000+00:00", "level": "INFO", "message": "Fetched 24hr ticker for BTCUSDT"}
{"ts": "2025-12-14T13:29:08.243359+00:00", "level": "INFO", "message": "Fetched price for BTCUSDT", "extra": {"price": "89259.58000000"}}
{"ts": "2025-12-14T15:00:55.865129+00:00", "level": "INFO", "message": "Fetched price for BTCUSDT", "extra": {"price": "89046.32000000"}}
{"ts": "2025-12-14T15:01:56.242594+00:00", "level": "INFO", "message": "Fetched 24hr ticker for BTCUSDT"}
{"ts": "2025-12-14T15:04:39.302981+00:00", "level": "INFO", "message": "Fetched price for BTCUSDT", "extra": {"price": "89042.63000000"}}
{"ts": "2025-12-16T12:43:03.918267+00:00", "level": "INFO", "message": "Fetched price for BTCUSDT", "extra": {"price": "87203.95000000"}}
